{"name": "test_queryBookByName", "status": "failed", "statusDetails": {"message": "AssertionError: assert '查询成功' == '查询失败'\n  - 查询失败\n  + 查询成功", "trace": "self = <homework_python.homework_20240526_pytest.Test_Book_tag.Test_book_tag.TestBooKAddTag object at 0x10fc3c980>\n\n    @pytest.mark.p1\n    def test_queryBookByName(self):\n        re = self.bm.queryBookByName('name2')\n>       assert '查询成功' == re\nE       AssertionError: assert '查询成功' == '查询失败'\nE         - 查询失败\nE         + 查询成功\n\nTest_book_tag.py:32: AssertionError"}, "start": 1716996384046, "stop": 1716996384046, "uuid": "b69baaba-1157-4deb-b242-0fdd4cff8d4e", "historyId": "d2ddfc084d8550abcc267e4fcdec49b8", "testCaseId": "a67172f7aadb554cafe8030edd50bdf3", "fullName": "Test_book_tag.TestBooKAddTag#test_queryBookByName", "labels": [{"name": "tag", "value": "p1"}, {"name": "suite", "value": "Test_book_tag"}, {"name": "subSuite", "value": "TestBooKAddTag"}, {"name": "host", "value": "liminghui.local"}, {"name": "thread", "value": "48560-MainThread"}, {"name": "framework", "value": "pytest"}, {"name": "language", "value": "cpython3"}, {"name": "package", "value": "Test_book_tag"}]}